Open file : ../source_data/vrid_type_necessity.txt
v type : 357
Open file : ../ucf_small_2005/0.001_10_9999TM_train.ucf
Read 11060 Lines
Open file : ../ucf_small_2005/0.001_10_9999TM_test.ucf
Read 3467 Lines
Open file : ../ucf_small_2005/0.001_10_9999TM_val.ucf
Read 1492 Lines
0.539616
Test Module DCM
Test_cnt:	3467
Log likelihood(Log e):	-0.20243048
Position Perplexity(Base 2):
1.59934653	1.51345517	1.36792750	1.21686834	1.18963966	1.11096291	1.12369242	1.10610237	1.06763925	1.07137937	
Position Click Perplexity(Base 2):
1.38049940	2.72133495	4.40728527	6.73934826	8.22381750	11.66470115	10.58944792	10.91857213	12.80480586	13.63527032	
Position Skip Perplexity(Base 2):
2.18056813	1.26994116	1.15246551	1.06835998	1.05950422	1.03602602	1.03685620	1.02832254	1.01662995	1.00968025	
Perplexity:	1.23670135


Test Module Ubm
Test_cnt:	3467
Log likelihood(Log e):	-0.21943080
Position Perplexity(Base 2):
1.96068855	1.47848839	1.37904393	1.21259631	1.17851106	1.10745398	1.11785330	1.10693817	1.07027376	1.07100768	
Position Click Perplexity(Base 2):
1.94951607	2.61978843	3.95083570	6.15469685	7.42994330	10.58680484	10.21170868	11.71587586	12.12482260	10.73444465	
Position Skip Perplexity(Base 2):
1.98443481	1.24604797	1.18198993	1.07169436	1.05540249	1.03563475	1.03261955	1.02681710	1.02028458	1.01496714	
Perplexity:	1.26828551


Test Module Vcm
Test_cnt:	3467
Log likelihood(Log e):	-0.22333474
Position Perplexity(Base 2):
1.98990747	1.49185126	1.38741803	1.21464905	1.17907506	1.10952927	1.12227101	1.10703535	1.07048864	1.07199400	
Position Click Perplexity(Base 2):
2.03168048	2.59894353	3.81553697	6.26179716	7.84291818	11.56138813	11.26913283	10.66192210	12.20912942	10.77326730	
Position Skip Perplexity(Base 2):
1.90469636	1.26371169	1.19631385	1.07223915	1.05252081	1.03492281	1.03319065	1.02999747	1.02035412	1.01583813	
Perplexity:	1.27442192


Test Module Dbn
Test_cnt:	3467
Log likelihood(Log e):	-0.20081235
Position Perplexity(Base 2):
1.60389312	1.44984995	1.33092893	1.21893077	1.17823482	1.11268497	1.12638198	1.12240708	1.08570155	1.09732161	
Position Click Perplexity(Base 2):
1.40188363	2.46739892	4.37340004	7.73200032	8.26912618	15.82697966	14.39944186	21.66584616	29.60496107	34.11558060	
Position Skip Perplexity(Base 2):
2.12978787	1.23674955	1.11806299	1.05918395	1.04839623	1.02831772	1.02803668	1.02143176	1.01723110	1.01281390	
Perplexity:	1.23263348


Test Module Mcm
Test_cnt:	3467
Log likelihood(Log e):	-0.19501538
Position Perplexity(Base 2):
1.60805151	1.44909704	1.32565534	1.20719877	1.17278703	1.11226871	1.12461912	1.11081311	1.07457903	1.07651603	
Position Click Perplexity(Base 2):
1.39249739	2.38256089	3.98029263	5.92776686	7.32977297	15.02376843	13.59345871	14.14359229	17.13638692	15.81531148	
Position Skip Perplexity(Base 2):
2.17758998	1.24891236	1.12844836	1.06961329	1.05082437	1.02951287	1.02849191	1.02436468	1.01750950	1.01113126	
Perplexity:	1.22615857


Test Module CACM
Test_cnt:	3467
Log likelihood(Log e):	-0.38933544
Position Perplexity(Base 2):
2.65008275	1.58398013	1.58370698	1.27087128	1.25509403	1.20153861	1.32859427	1.37042754	1.41317399	1.49698924	
Position Click Perplexity(Base 2):
2.64317523	3.09492118	5.88212211	15.32759372	23.19844599	161.94742685	197.20610224	299.54349847	643.53714699	411.70246889	
Position Skip Perplexity(Base 2):
2.66469347	1.29650456	1.30675290	1.05165745	1.05382864	1.03869363	1.11054607	1.15438543	1.25259291	1.31322326	
Perplexity:	1.51544588


