Open file : ../source_data/vrid_type_necessity.txt
v type : 357
Open file : ../ucf_small_2005/0.05_10_9999TM_train.ucf
Read 437753 Lines
Open file : ../ucf_small_2005/0.05_10_9999TM_test.ucf
Read 138160 Lines
Open file : ../ucf_small_2005/0.05_10_9999TM_val.ucf
Read 59010 Lines
0.546719
Test Module DCM
Test_cnt:	138160
Log likelihood(Log e):	-0.19970697
Position Perplexity(Base 2):
1.58102015	1.49971387	1.32436202	1.23445956	1.18490498	1.13912371	1.11399831	1.09332859	1.07892818	1.07153107	
Position Click Perplexity(Base 2):
1.32822255	2.97904555	4.07314479	6.09301716	7.16494759	8.36275253	9.43332845	10.43537278	13.39565141	14.40772810	
Position Skip Perplexity(Base 2):
2.31817449	1.23915665	1.12909910	1.08249289	1.06306280	1.04491987	1.03449688	1.02624463	1.01738426	1.01051978	
Perplexity:	1.23213704


Test Module Ubm
Test_cnt:	138160
Log likelihood(Log e):	-0.19403607
Position Perplexity(Base 2):
1.58242164	1.47835001	1.31297322	1.22503506	1.17674097	1.13339152	1.10884794	1.09056083	1.07526981	1.06680214	
Position Click Perplexity(Base 2):
1.32820900	2.82563722	3.94526451	5.66824363	6.68601275	7.74861733	8.65653713	9.46822339	10.56372441	8.79624041	
Position Skip Perplexity(Base 2):
2.32480179	1.23465885	1.12309270	1.07995390	1.05970972	1.04287317	1.03261962	1.02637193	1.01948433	1.01722018	
Perplexity:	1.22503932


Test Module Vcm
Test_cnt:	138160
Log likelihood(Log e):	-0.19596642
Position Perplexity(Base 2):
1.55877861	1.49933396	1.31965984	1.23150945	1.18099886	1.13586389	1.11060041	1.09140072	1.07631304	1.06765846	
Position Click Perplexity(Base 2):
1.33383091	2.77766158	3.94394150	6.07532325	7.24972475	8.74567209	9.60907463	10.17985790	11.45095860	9.60173690	
Position Skip Perplexity(Base 2):
2.19511853	1.26310113	1.12968053	1.07995176	1.05859630	1.03978269	1.03057276	1.02509732	1.01857936	1.01604482	
Perplexity:	1.22721172


Test Module Dbn
Test_cnt:	138160
Log likelihood(Log e):	-0.19576005
Position Perplexity(Base 2):
1.58134580	1.45204317	1.29947652	1.21969251	1.17800803	1.13706979	1.11624397	1.10144954	1.08919333	1.08489038	
Position Click Perplexity(Base 2):
1.33477826	2.78876144	4.09801477	6.42549780	8.42094858	10.36360551	12.95257007	16.69198425	21.75120102	21.37556689	
Position Skip Perplexity(Base 2):
2.29474864	1.21106465	1.10394841	1.06382415	1.04626332	1.03331186	1.02532595	1.02053790	1.01574519	1.01433739	
Perplexity:	1.22594131


Test Module Mcm
Test_cnt:	138160
Log likelihood(Log e):	-0.19029674
Position Perplexity(Base 2):
1.58335484	1.45350874	1.29634173	1.21595665	1.17204122	1.12958505	1.10703236	1.09045049	1.07812839	1.07279361	
Position Click Perplexity(Base 2):
1.32822513	2.64683316	3.75770288	5.62659094	7.11509281	8.27875443	9.62073733	11.21332239	14.32633522	13.63341809	
Position Skip Perplexity(Base 2):
2.32912503	1.23036821	1.11454232	1.07194511	1.05127244	1.03624570	1.02710407	1.02140399	1.01502159	1.01299890	
Perplexity:	1.21991931


